{
  message: 'Database is connected suvccesfully',
  level: 'info',
  label: 'right meow!',
  timestamp: '2023-07-06T09:27:32.516Z'
}
{
  message: 'Application listening on port 5000',
  level: 'info',
  label: 'right meow!',
  timestamp: '2023-07-06T09:27:32.530Z'
}
{
  message: 'Database is connected suvccesfully',
  level: 'info',
  label: 'right meow!',
  timestamp: '2023-07-06T09:29:24.794Z'
}
{
  message: 'Application listening on port 5000',
  level: 'info',
  label: 'right meow!',
  timestamp: '2023-07-06T09:29:24.806Z'
}
{
  message: 'Database is connected suvccesfully',
  level: 'info',
  label: 'right meow!',
  timestamp: '2023-07-06T09:30:16.250Z'
}
{
  message: 'Application listening on port 5000',
  level: 'info',
  label: 'right meow!',
  timestamp: '2023-07-06T09:30:16.268Z'
}
{
  message: 'Database is connected suvccesfully',
  level: 'info',
  label: 'right meow!',
  timestamp: '2023-07-06T09:33:12.029Z'
}
{
  message: 'Application listening on port 5000',
  level: 'info',
  label: 'right meow!',
  timestamp: '2023-07-06T09:33:12.041Z'
}
