{
  message: 'Database is connected suvccesfully',
  level: 'info',
  label: 'right meow!',
  timestamp: '2023-06-18T07:04:34.167Z'
}
{
  message: 'Application listening on port 5000',
  level: 'info',
  label: 'right meow!',
  timestamp: '2023-06-18T07:04:34.177Z'
}
{
  message: 'Database is connected suvccesfully',
  level: 'info',
  label: 'right meow!',
  timestamp: '2023-06-18T07:06:18.535Z'
}
{
  message: 'Application listening on port 5000',
  level: 'info',
  label: 'right meow!',
  timestamp: '2023-06-18T07:06:18.554Z'
}
