{
  message: 'Database is connected suvccesfully',
  level: 'info',
  label: 'right meow!',
  timestamp: '2023-06-18T10:16:13.752Z'
}
{
  message: 'Application listening on port 5000',
  level: 'info',
  label: 'right meow!',
  timestamp: '2023-06-18T10:16:13.762Z'
}
{
  message: 'Database is connected suvccesfully',
  level: 'info',
  label: 'right meow!',
  timestamp: '2023-06-18T10:16:36.397Z'
}
{
  message: 'Application listening on port 5000',
  level: 'info',
  label: 'right meow!',
  timestamp: '2023-06-18T10:16:36.410Z'
}
{
  message: 'Database is connected suvccesfully',
  level: 'info',
  label: 'right meow!',
  timestamp: '2023-06-18T10:19:05.427Z'
}
{
  message: 'Application listening on port 5000',
  level: 'info',
  label: 'right meow!',
  timestamp: '2023-06-18T10:19:05.436Z'
}
{
  message: 'Database is connected suvccesfully',
  level: 'info',
  label: 'right meow!',
  timestamp: '2023-06-18T10:19:17.193Z'
}
{
  message: 'Application listening on port 5000',
  level: 'info',
  label: 'right meow!',
  timestamp: '2023-06-18T10:19:17.205Z'
}
{
  message: 'Database is connected suvccesfully',
  level: 'info',
  label: 'right meow!',
  timestamp: '2023-06-18T10:42:46.739Z'
}
{
  message: 'Application listening on port 5000',
  level: 'info',
  label: 'right meow!',
  timestamp: '2023-06-18T10:42:46.752Z'
}
{
  message: 'Database is connected suvccesfully',
  level: 'info',
  label: 'right meow!',
  timestamp: '2023-06-18T10:49:19.539Z'
}
{
  message: 'Application listening on port 5000',
  level: 'info',
  label: 'right meow!',
  timestamp: '2023-06-18T10:49:19.550Z'
}
